<?xml version="1.0" encoding="UTF-8"?>
<coverage generated="1634071833263" clover="3.2.0">
  <project timestamp="1634071833263" name="All files">
    <metrics statements="74" coveredstatements="74" conditionals="28" coveredconditionals="25" methods="14" coveredmethods="14" elements="116" coveredelements="113" complexity="0" loc="74" ncloc="74" packages="1" files="2" classes="2"/>
    <file name="App.js" path="C:\Users\DIEGO-PC\Documents\DIEGO_UNIV\6to_Semestre_2-2021\Ingenieria de Software\Repostiorio IngSoft\Autitos-Trabajo-TDD\src\App.js">
      <metrics statements="32" coveredstatements="32" conditionals="3" coveredconditionals="3" methods="8" coveredmethods="8"/>
      <line num="4" count="4" type="stmt"/>
      <line num="5" count="4" type="stmt"/>
      <line num="9" count="4" type="stmt"/>
      <line num="10" count="4" type="stmt"/>
      <line num="14" count="4" type="stmt"/>
      <line num="15" count="4" type="stmt"/>
      <line num="19" count="4" type="stmt"/>
      <line num="20" count="4" type="stmt"/>
      <line num="22" count="4" type="stmt"/>
      <line num="26" count="4" type="stmt"/>
      <line num="27" count="4" type="stmt"/>
      <line num="28" count="4" type="stmt"/>
      <line num="29" count="4" type="stmt"/>
      <line num="30" count="4" type="stmt"/>
      <line num="31" count="4" type="stmt"/>
      <line num="35" count="14" type="stmt"/>
      <line num="36" count="14" type="stmt"/>
      <line num="37" count="68" type="cond" truecount="3" falsecount="0"/>
      <line num="39" count="48" type="stmt"/>
      <line num="40" count="48" type="stmt"/>
      <line num="42" count="12" type="stmt"/>
      <line num="43" count="12" type="stmt"/>
      <line num="45" count="8" type="stmt"/>
      <line num="46" count="8" type="stmt"/>
      <line num="49" count="14" type="stmt"/>
      <line num="53" count="3" type="stmt"/>
      <line num="54" count="3" type="stmt"/>
      <line num="55" count="3" type="stmt"/>
      <line num="56" count="3" type="stmt"/>
      <line num="57" count="3" type="stmt"/>
      <line num="58" count="3" type="stmt"/>
      <line num="59" count="3" type="stmt"/>
    </file>
    <file name="Car.js" path="C:\Users\DIEGO-PC\Documents\DIEGO_UNIV\6to_Semestre_2-2021\Ingenieria de Software\Repostiorio IngSoft\Autitos-Trabajo-TDD\src\Car.js">
      <metrics statements="42" coveredstatements="42" conditionals="25" coveredconditionals="22" methods="6" coveredmethods="6"/>
      <line num="3" count="17" type="stmt"/>
      <line num="4" count="17" type="stmt"/>
      <line num="5" count="17" type="stmt"/>
      <line num="6" count="17" type="stmt"/>
      <line num="10" count="15" type="stmt"/>
      <line num="11" count="15" type="stmt"/>
      <line num="15" count="12" type="cond" truecount="4" falsecount="0"/>
      <line num="17" count="3" type="stmt"/>
      <line num="18" count="3" type="stmt"/>
      <line num="20" count="2" type="stmt"/>
      <line num="21" count="2" type="stmt"/>
      <line num="23" count="5" type="stmt"/>
      <line num="24" count="5" type="stmt"/>
      <line num="26" count="2" type="stmt"/>
      <line num="27" count="2" type="stmt"/>
      <line num="32" count="8" type="cond" truecount="4" falsecount="0"/>
      <line num="34" count="5" type="stmt"/>
      <line num="35" count="5" type="stmt"/>
      <line num="37" count="1" type="stmt"/>
      <line num="38" count="1" type="stmt"/>
      <line num="40" count="1" type="stmt"/>
      <line num="41" count="1" type="stmt"/>
      <line num="43" count="1" type="stmt"/>
      <line num="44" count="1" type="stmt"/>
      <line num="49" count="48" type="cond" truecount="4" falsecount="0"/>
      <line num="53" count="48" type="cond" truecount="4" falsecount="0"/>
      <line num="55" count="18" type="stmt"/>
      <line num="56" count="18" type="cond" truecount="1" falsecount="1"/>
      <line num="57" count="18" type="stmt"/>
      <line num="59" count="18" type="stmt"/>
      <line num="61" count="9" type="stmt"/>
      <line num="62" count="9" type="cond" truecount="1" falsecount="1"/>
      <line num="63" count="9" type="stmt"/>
      <line num="65" count="9" type="stmt"/>
      <line num="67" count="15" type="stmt"/>
      <line num="68" count="15" type="cond" truecount="2" falsecount="0"/>
      <line num="69" count="13" type="stmt"/>
      <line num="71" count="15" type="stmt"/>
      <line num="73" count="6" type="stmt"/>
      <line num="74" count="6" type="cond" truecount="1" falsecount="1"/>
      <line num="75" count="6" type="stmt"/>
      <line num="77" count="6" type="stmt"/>
    </file>
  </project>
</coverage>
