{"C:\\Users\\DIEGO-PC\\Documents\\DIEGO_UNIV\\6to_Semestre_2-2021\\Ingenieria de Software\\Repostiorio IngSoft\\Autitos-Trabajo-TDD\\src\\App.js": {"path":"C:\\Users\\DIEGO-PC\\Documents\\DIEGO_UNIV\\6to_Semestre_2-2021\\Ingenieria de Software\\Repostiorio IngSoft\\Autitos-Trabajo-TDD\\src\\App.js","statementMap":{"0":{"start":{"line":4,"column":22},"end":{"line":4,"column":56}},"1":{"start":{"line":5,"column":2},"end":{"line":5,"column":26}},"2":{"start":{"line":9,"column":19},"end":{"line":9,"column":60}},"3":{"start":{"line":10,"column":2},"end":{"line":10,"column":23}},"4":{"start":{"line":14,"column":25},"end":{"line":14,"column":54}},"5":{"start":{"line":15,"column":2},"end":{"line":15,"column":29}},"6":{"start":{"line":19,"column":16},"end":{"line":19,"column":43}},"7":{"start":{"line":20,"column":18},"end":{"line":20,"column":62}},"8":{"start":{"line":22,"column":2},"end":{"line":22,"column":19}},"9":{"start":{"line":26,"column":19},"end":{"line":26,"column":49}},"10":{"start":{"line":27,"column":18},"end":{"line":27,"column":44}},"11":{"start":{"line":28,"column":13},"end":{"line":28,"column":35}},"12":{"start":{"line":29,"column":13},"end":{"line":29,"column":35}},"13":{"start":{"line":30,"column":12},"end":{"line":30,"column":60}},"14":{"start":{"line":31,"column":2},"end":{"line":31,"column":13}},"15":{"start":{"line":35,"column":25},"end":{"line":35,"column":49}},"16":{"start":{"line":36,"column":2},"end":{"line":40,"column":5}},"17":{"start":{"line":37,"column":4},"end":{"line":39,"column":5}},"18":{"start":{"line":38,"column":6},"end":{"line":38,"column":23}},"19":{"start":{"line":41,"column":2},"end":{"line":41,"column":36}},"20":{"start":{"line":45,"column":28},"end":{"line":45,"column":58}},"21":{"start":{"line":46,"column":18},"end":{"line":46,"column":51}},"22":{"start":{"line":47,"column":25},"end":{"line":47,"column":52}},"23":{"start":{"line":48,"column":12},"end":{"line":48,"column":52}},"24":{"start":{"line":49,"column":24},"end":{"line":49,"column":57}},"25":{"start":{"line":50,"column":22},"end":{"line":50,"column":51}},"26":{"start":{"line":51,"column":2},"end":{"line":51,"column":23}}},"fnMap":{"0":{"name":"getMatrixCommand","decl":{"start":{"line":3,"column":16},"end":{"line":3,"column":32}},"loc":{"start":{"line":3,"column":46},"end":{"line":6,"column":1}},"line":3},"1":{"name":"getCarCommand","decl":{"start":{"line":8,"column":16},"end":{"line":8,"column":29}},"loc":{"start":{"line":8,"column":43},"end":{"line":11,"column":1}},"line":8},"2":{"name":"getMovementCommands","decl":{"start":{"line":13,"column":16},"end":{"line":13,"column":35}},"loc":{"start":{"line":13,"column":49},"end":{"line":16,"column":1}},"line":13},"3":{"name":"createMatrix","decl":{"start":{"line":18,"column":16},"end":{"line":18,"column":28}},"loc":{"start":{"line":18,"column":46},"end":{"line":23,"column":1}},"line":18},"4":{"name":"createCarAt","decl":{"start":{"line":25,"column":16},"end":{"line":25,"column":27}},"loc":{"start":{"line":25,"column":57},"end":{"line":32,"column":1}},"line":25},"5":{"name":"moveCar","decl":{"start":{"line":34,"column":16},"end":{"line":34,"column":23}},"loc":{"start":{"line":34,"column":44},"end":{"line":42,"column":1}},"line":34},"6":{"name":"(anonymous_6)","decl":{"start":{"line":36,"column":27},"end":{"line":36,"column":28}},"loc":{"start":{"line":36,"column":42},"end":{"line":40,"column":3}},"line":36},"7":{"name":"executeCommandLines","decl":{"start":{"line":44,"column":16},"end":{"line":44,"column":35}},"loc":{"start":{"line":44,"column":49},"end":{"line":52,"column":1}},"line":44}},"branchMap":{"0":{"loc":{"start":{"line":37,"column":4},"end":{"line":39,"column":5}},"type":"if","locations":[{"start":{"line":37,"column":4},"end":{"line":39,"column":5}},{"start":{"line":37,"column":4},"end":{"line":39,"column":5}}],"line":37}},"s":{"0":2,"1":2,"2":2,"3":2,"4":2,"5":2,"6":2,"7":2,"8":2,"9":2,"10":2,"11":2,"12":2,"13":2,"14":2,"15":7,"16":7,"17":19,"18":19,"19":7,"20":1,"21":1,"22":1,"23":1,"24":1,"25":1,"26":1},"f":{"0":2,"1":2,"2":2,"3":2,"4":2,"5":7,"6":19,"7":1},"b":{"0":[19,0]},"_coverageSchema":"1a1c01bbd47fc00a2c39e90264f33305004495a9","hash":"c4b8f3dda04d55a67fe8302f0c2ec11d58f9581d"}
,"C:\\Users\\DIEGO-PC\\Documents\\DIEGO_UNIV\\6to_Semestre_2-2021\\Ingenieria de Software\\Repostiorio IngSoft\\Autitos-Trabajo-TDD\\src\\Car.js": {"path":"C:\\Users\\DIEGO-PC\\Documents\\DIEGO_UNIV\\6to_Semestre_2-2021\\Ingenieria de Software\\Repostiorio IngSoft\\Autitos-Trabajo-TDD\\src\\Car.js","statementMap":{"0":{"start":{"line":3,"column":8},"end":{"line":3,"column":25}},"1":{"start":{"line":4,"column":8},"end":{"line":4,"column":25}},"2":{"start":{"line":5,"column":8},"end":{"line":5,"column":37}},"3":{"start":{"line":6,"column":8},"end":{"line":6,"column":35}},"4":{"start":{"line":10,"column":33},"end":{"line":10,"column":72}},"5":{"start":{"line":11,"column":8},"end":{"line":11,"column":34}},"6":{"start":{"line":16,"column":8},"end":{"line":41,"column":9}},"7":{"start":{"line":18,"column":16},"end":{"line":18,"column":56}},"8":{"start":{"line":19,"column":16},"end":{"line":21,"column":17}},"9":{"start":{"line":20,"column":20},"end":{"line":20,"column":44}},"10":{"start":{"line":22,"column":16},"end":{"line":22,"column":22}},"11":{"start":{"line":24,"column":16},"end":{"line":24,"column":56}},"12":{"start":{"line":25,"column":16},"end":{"line":27,"column":17}},"13":{"start":{"line":26,"column":20},"end":{"line":26,"column":44}},"14":{"start":{"line":28,"column":16},"end":{"line":28,"column":22}},"15":{"start":{"line":30,"column":16},"end":{"line":30,"column":56}},"16":{"start":{"line":31,"column":16},"end":{"line":33,"column":17}},"17":{"start":{"line":32,"column":20},"end":{"line":32,"column":44}},"18":{"start":{"line":34,"column":16},"end":{"line":34,"column":22}},"19":{"start":{"line":36,"column":16},"end":{"line":36,"column":56}},"20":{"start":{"line":37,"column":16},"end":{"line":39,"column":17}},"21":{"start":{"line":38,"column":20},"end":{"line":38,"column":44}},"22":{"start":{"line":40,"column":16},"end":{"line":40,"column":22}}},"fnMap":{"0":{"name":"(anonymous_0)","decl":{"start":{"line":2,"column":4},"end":{"line":2,"column":5}},"loc":{"start":{"line":2,"column":50},"end":{"line":7,"column":5}},"line":2},"1":{"name":"(anonymous_1)","decl":{"start":{"line":9,"column":4},"end":{"line":9,"column":5}},"loc":{"start":{"line":9,"column":26},"end":{"line":12,"column":5}},"line":9},"2":{"name":"(anonymous_2)","decl":{"start":{"line":14,"column":4},"end":{"line":14,"column":5}},"loc":{"start":{"line":14,"column":33},"end":{"line":42,"column":5}},"line":14}},"branchMap":{"0":{"loc":{"start":{"line":14,"column":15},"end":{"line":14,"column":32}},"type":"default-arg","locations":[{"start":{"line":14,"column":31},"end":{"line":14,"column":32}}],"line":14},"1":{"loc":{"start":{"line":16,"column":8},"end":{"line":41,"column":9}},"type":"switch","locations":[{"start":{"line":17,"column":12},"end":{"line":22,"column":22}},{"start":{"line":23,"column":12},"end":{"line":28,"column":22}},{"start":{"line":29,"column":12},"end":{"line":34,"column":22}},{"start":{"line":35,"column":12},"end":{"line":40,"column":22}}],"line":16},"2":{"loc":{"start":{"line":19,"column":16},"end":{"line":21,"column":17}},"type":"if","locations":[{"start":{"line":19,"column":16},"end":{"line":21,"column":17}},{"start":{"line":19,"column":16},"end":{"line":21,"column":17}}],"line":19},"3":{"loc":{"start":{"line":19,"column":20},"end":{"line":19,"column":72}},"type":"binary-expr","locations":[{"start":{"line":19,"column":20},"end":{"line":19,"column":36}},{"start":{"line":19,"column":40},"end":{"line":19,"column":72}}],"line":19},"4":{"loc":{"start":{"line":25,"column":16},"end":{"line":27,"column":17}},"type":"if","locations":[{"start":{"line":25,"column":16},"end":{"line":27,"column":17}},{"start":{"line":25,"column":16},"end":{"line":27,"column":17}}],"line":25},"5":{"loc":{"start":{"line":25,"column":20},"end":{"line":25,"column":72}},"type":"binary-expr","locations":[{"start":{"line":25,"column":20},"end":{"line":25,"column":36}},{"start":{"line":25,"column":40},"end":{"line":25,"column":72}}],"line":25},"6":{"loc":{"start":{"line":31,"column":16},"end":{"line":33,"column":17}},"type":"if","locations":[{"start":{"line":31,"column":16},"end":{"line":33,"column":17}},{"start":{"line":31,"column":16},"end":{"line":33,"column":17}}],"line":31},"7":{"loc":{"start":{"line":31,"column":20},"end":{"line":31,"column":72}},"type":"binary-expr","locations":[{"start":{"line":31,"column":20},"end":{"line":31,"column":36}},{"start":{"line":31,"column":40},"end":{"line":31,"column":72}}],"line":31},"8":{"loc":{"start":{"line":37,"column":16},"end":{"line":39,"column":17}},"type":"if","locations":[{"start":{"line":37,"column":16},"end":{"line":39,"column":17}},{"start":{"line":37,"column":16},"end":{"line":39,"column":17}}],"line":37},"9":{"loc":{"start":{"line":37,"column":20},"end":{"line":37,"column":72}},"type":"binary-expr","locations":[{"start":{"line":37,"column":20},"end":{"line":37,"column":36}},{"start":{"line":37,"column":40},"end":{"line":37,"column":72}}],"line":37}},"s":{"0":10,"1":10,"2":10,"3":10,"4":8,"5":8,"6":19,"7":7,"8":7,"9":7,"10":7,"11":3,"12":3,"13":3,"14":3,"15":6,"16":6,"17":4,"18":6,"19":3,"20":3,"21":3,"22":3},"f":{"0":10,"1":8,"2":19},"b":{"0":[19],"1":[7,3,6,3],"2":[7,0],"3":[7,7],"4":[3,0],"5":[3,3],"6":[4,2],"7":[6,6],"8":[3,0],"9":[3,3]},"_coverageSchema":"1a1c01bbd47fc00a2c39e90264f33305004495a9","hash":"0dd23d8a303191c2d7dd29f050c3a970035f8e59"}
}
