{"C:\\Users\\DIEGO-PC\\Documents\\DIEGO_UNIV\\6to_Semestre_2-2021\\Ingenieria de Software\\Repostiorio IngSoft\\Autitos-Trabajo-TDD\\src\\App.js": {"path":"C:\\Users\\DIEGO-PC\\Documents\\DIEGO_UNIV\\6to_Semestre_2-2021\\Ingenieria de Software\\Repostiorio IngSoft\\Autitos-Trabajo-TDD\\src\\App.js","statementMap":{"0":{"start":{"line":4,"column":22},"end":{"line":4,"column":56}},"1":{"start":{"line":5,"column":2},"end":{"line":5,"column":26}},"2":{"start":{"line":9,"column":19},"end":{"line":9,"column":60}},"3":{"start":{"line":10,"column":2},"end":{"line":10,"column":23}},"4":{"start":{"line":14,"column":25},"end":{"line":14,"column":54}},"5":{"start":{"line":15,"column":2},"end":{"line":15,"column":29}},"6":{"start":{"line":19,"column":16},"end":{"line":19,"column":43}},"7":{"start":{"line":20,"column":18},"end":{"line":20,"column":62}},"8":{"start":{"line":22,"column":2},"end":{"line":22,"column":19}},"9":{"start":{"line":26,"column":19},"end":{"line":26,"column":49}},"10":{"start":{"line":27,"column":18},"end":{"line":27,"column":44}},"11":{"start":{"line":28,"column":13},"end":{"line":28,"column":35}},"12":{"start":{"line":29,"column":13},"end":{"line":29,"column":35}},"13":{"start":{"line":30,"column":12},"end":{"line":30,"column":60}},"14":{"start":{"line":31,"column":2},"end":{"line":31,"column":13}},"15":{"start":{"line":35,"column":25},"end":{"line":35,"column":49}},"16":{"start":{"line":36,"column":2},"end":{"line":48,"column":5}},"17":{"start":{"line":37,"column":4},"end":{"line":47,"column":5}},"18":{"start":{"line":39,"column":8},"end":{"line":39,"column":26}},"19":{"start":{"line":40,"column":8},"end":{"line":40,"column":14}},"20":{"start":{"line":42,"column":8},"end":{"line":42,"column":23}},"21":{"start":{"line":43,"column":8},"end":{"line":43,"column":14}},"22":{"start":{"line":45,"column":8},"end":{"line":45,"column":24}},"23":{"start":{"line":46,"column":8},"end":{"line":46,"column":14}},"24":{"start":{"line":49,"column":2},"end":{"line":49,"column":36}},"25":{"start":{"line":53,"column":28},"end":{"line":53,"column":58}},"26":{"start":{"line":54,"column":18},"end":{"line":54,"column":51}},"27":{"start":{"line":55,"column":25},"end":{"line":55,"column":52}},"28":{"start":{"line":56,"column":12},"end":{"line":56,"column":52}},"29":{"start":{"line":57,"column":24},"end":{"line":57,"column":57}},"30":{"start":{"line":58,"column":22},"end":{"line":58,"column":51}},"31":{"start":{"line":59,"column":2},"end":{"line":59,"column":23}}},"fnMap":{"0":{"name":"getMatrixCommand","decl":{"start":{"line":3,"column":16},"end":{"line":3,"column":32}},"loc":{"start":{"line":3,"column":46},"end":{"line":6,"column":1}},"line":3},"1":{"name":"getCarCommand","decl":{"start":{"line":8,"column":16},"end":{"line":8,"column":29}},"loc":{"start":{"line":8,"column":43},"end":{"line":11,"column":1}},"line":8},"2":{"name":"getMovementCommands","decl":{"start":{"line":13,"column":16},"end":{"line":13,"column":35}},"loc":{"start":{"line":13,"column":49},"end":{"line":16,"column":1}},"line":13},"3":{"name":"createMatrix","decl":{"start":{"line":18,"column":16},"end":{"line":18,"column":28}},"loc":{"start":{"line":18,"column":46},"end":{"line":23,"column":1}},"line":18},"4":{"name":"createCarAt","decl":{"start":{"line":25,"column":16},"end":{"line":25,"column":27}},"loc":{"start":{"line":25,"column":57},"end":{"line":32,"column":1}},"line":25},"5":{"name":"moveCar","decl":{"start":{"line":34,"column":16},"end":{"line":34,"column":23}},"loc":{"start":{"line":34,"column":44},"end":{"line":50,"column":1}},"line":34},"6":{"name":"(anonymous_6)","decl":{"start":{"line":36,"column":27},"end":{"line":36,"column":28}},"loc":{"start":{"line":36,"column":42},"end":{"line":48,"column":3}},"line":36},"7":{"name":"executeCommandLines","decl":{"start":{"line":52,"column":16},"end":{"line":52,"column":35}},"loc":{"start":{"line":52,"column":49},"end":{"line":60,"column":1}},"line":52}},"branchMap":{"0":{"loc":{"start":{"line":37,"column":4},"end":{"line":47,"column":5}},"type":"switch","locations":[{"start":{"line":38,"column":6},"end":{"line":40,"column":14}},{"start":{"line":41,"column":6},"end":{"line":43,"column":14}},{"start":{"line":44,"column":6},"end":{"line":46,"column":14}}],"line":37}},"s":{"0":4,"1":4,"2":4,"3":4,"4":4,"5":4,"6":4,"7":4,"8":4,"9":4,"10":4,"11":4,"12":4,"13":4,"14":4,"15":14,"16":14,"17":68,"18":48,"19":48,"20":12,"21":12,"22":8,"23":8,"24":14,"25":3,"26":3,"27":3,"28":3,"29":3,"30":3,"31":3},"f":{"0":4,"1":4,"2":4,"3":4,"4":4,"5":14,"6":68,"7":3},"b":{"0":[48,12,8]},"_coverageSchema":"1a1c01bbd47fc00a2c39e90264f33305004495a9","hash":"80e106ef20e5dcdcb2a0b820941bc3a92398411a"}
,"C:\\Users\\DIEGO-PC\\Documents\\DIEGO_UNIV\\6to_Semestre_2-2021\\Ingenieria de Software\\Repostiorio IngSoft\\Autitos-Trabajo-TDD\\src\\Car.js": {"path":"C:\\Users\\DIEGO-PC\\Documents\\DIEGO_UNIV\\6to_Semestre_2-2021\\Ingenieria de Software\\Repostiorio IngSoft\\Autitos-Trabajo-TDD\\src\\Car.js","statementMap":{"0":{"start":{"line":3,"column":8},"end":{"line":3,"column":25}},"1":{"start":{"line":4,"column":8},"end":{"line":4,"column":25}},"2":{"start":{"line":5,"column":8},"end":{"line":5,"column":37}},"3":{"start":{"line":6,"column":8},"end":{"line":6,"column":35}},"4":{"start":{"line":10,"column":33},"end":{"line":10,"column":72}},"5":{"start":{"line":11,"column":8},"end":{"line":11,"column":34}},"6":{"start":{"line":15,"column":8},"end":{"line":28,"column":9}},"7":{"start":{"line":17,"column":16},"end":{"line":17,"column":38}},"8":{"start":{"line":18,"column":16},"end":{"line":18,"column":22}},"9":{"start":{"line":20,"column":16},"end":{"line":20,"column":38}},"10":{"start":{"line":21,"column":16},"end":{"line":21,"column":22}},"11":{"start":{"line":23,"column":16},"end":{"line":23,"column":38}},"12":{"start":{"line":24,"column":16},"end":{"line":24,"column":22}},"13":{"start":{"line":26,"column":16},"end":{"line":26,"column":38}},"14":{"start":{"line":27,"column":16},"end":{"line":27,"column":22}},"15":{"start":{"line":32,"column":8},"end":{"line":45,"column":9}},"16":{"start":{"line":34,"column":16},"end":{"line":34,"column":38}},"17":{"start":{"line":35,"column":16},"end":{"line":35,"column":22}},"18":{"start":{"line":37,"column":16},"end":{"line":37,"column":38}},"19":{"start":{"line":38,"column":16},"end":{"line":38,"column":22}},"20":{"start":{"line":40,"column":16},"end":{"line":40,"column":38}},"21":{"start":{"line":41,"column":16},"end":{"line":41,"column":22}},"22":{"start":{"line":43,"column":16},"end":{"line":43,"column":38}},"23":{"start":{"line":44,"column":16},"end":{"line":44,"column":22}},"24":{"start":{"line":49,"column":8},"end":{"line":49,"column":139}},"25":{"start":{"line":53,"column":8},"end":{"line":78,"column":9}},"26":{"start":{"line":55,"column":35},"end":{"line":55,"column":60}},"27":{"start":{"line":56,"column":16},"end":{"line":58,"column":17}},"28":{"start":{"line":57,"column":20},"end":{"line":57,"column":45}},"29":{"start":{"line":59,"column":16},"end":{"line":59,"column":22}},"30":{"start":{"line":61,"column":35},"end":{"line":61,"column":60}},"31":{"start":{"line":62,"column":16},"end":{"line":64,"column":17}},"32":{"start":{"line":63,"column":20},"end":{"line":63,"column":45}},"33":{"start":{"line":65,"column":16},"end":{"line":65,"column":22}},"34":{"start":{"line":67,"column":35},"end":{"line":67,"column":60}},"35":{"start":{"line":68,"column":16},"end":{"line":70,"column":17}},"36":{"start":{"line":69,"column":20},"end":{"line":69,"column":45}},"37":{"start":{"line":71,"column":16},"end":{"line":71,"column":22}},"38":{"start":{"line":73,"column":35},"end":{"line":73,"column":60}},"39":{"start":{"line":74,"column":16},"end":{"line":76,"column":17}},"40":{"start":{"line":75,"column":20},"end":{"line":75,"column":45}},"41":{"start":{"line":77,"column":16},"end":{"line":77,"column":22}}},"fnMap":{"0":{"name":"(anonymous_0)","decl":{"start":{"line":2,"column":4},"end":{"line":2,"column":5}},"loc":{"start":{"line":2,"column":50},"end":{"line":7,"column":5}},"line":2},"1":{"name":"(anonymous_1)","decl":{"start":{"line":9,"column":4},"end":{"line":9,"column":5}},"loc":{"start":{"line":9,"column":26},"end":{"line":12,"column":5}},"line":9},"2":{"name":"(anonymous_2)","decl":{"start":{"line":14,"column":4},"end":{"line":14,"column":5}},"loc":{"start":{"line":14,"column":14},"end":{"line":29,"column":5}},"line":14},"3":{"name":"(anonymous_3)","decl":{"start":{"line":31,"column":4},"end":{"line":31,"column":5}},"loc":{"start":{"line":31,"column":15},"end":{"line":46,"column":5}},"line":31},"4":{"name":"(anonymous_4)","decl":{"start":{"line":48,"column":4},"end":{"line":48,"column":5}},"loc":{"start":{"line":48,"column":32},"end":{"line":50,"column":5}},"line":48},"5":{"name":"(anonymous_5)","decl":{"start":{"line":52,"column":4},"end":{"line":52,"column":5}},"loc":{"start":{"line":52,"column":34},"end":{"line":79,"column":5}},"line":52}},"branchMap":{"0":{"loc":{"start":{"line":15,"column":8},"end":{"line":28,"column":9}},"type":"switch","locations":[{"start":{"line":16,"column":12},"end":{"line":18,"column":22}},{"start":{"line":19,"column":12},"end":{"line":21,"column":22}},{"start":{"line":22,"column":12},"end":{"line":24,"column":22}},{"start":{"line":25,"column":12},"end":{"line":27,"column":22}}],"line":15},"1":{"loc":{"start":{"line":32,"column":8},"end":{"line":45,"column":9}},"type":"switch","locations":[{"start":{"line":33,"column":12},"end":{"line":35,"column":22}},{"start":{"line":36,"column":12},"end":{"line":38,"column":22}},{"start":{"line":39,"column":12},"end":{"line":41,"column":22}},{"start":{"line":42,"column":12},"end":{"line":44,"column":22}}],"line":32},"2":{"loc":{"start":{"line":49,"column":15},"end":{"line":49,"column":139}},"type":"binary-expr","locations":[{"start":{"line":49,"column":16},"end":{"line":49,"column":35}},{"start":{"line":49,"column":39},"end":{"line":49,"column":74}},{"start":{"line":49,"column":80},"end":{"line":49,"column":99}},{"start":{"line":49,"column":103},"end":{"line":49,"column":138}}],"line":49},"3":{"loc":{"start":{"line":52,"column":16},"end":{"line":52,"column":33}},"type":"default-arg","locations":[{"start":{"line":52,"column":32},"end":{"line":52,"column":33}}],"line":52},"4":{"loc":{"start":{"line":53,"column":8},"end":{"line":78,"column":9}},"type":"switch","locations":[{"start":{"line":54,"column":12},"end":{"line":59,"column":22}},{"start":{"line":60,"column":12},"end":{"line":65,"column":22}},{"start":{"line":66,"column":12},"end":{"line":71,"column":22}},{"start":{"line":72,"column":12},"end":{"line":77,"column":22}}],"line":53},"5":{"loc":{"start":{"line":56,"column":16},"end":{"line":58,"column":17}},"type":"if","locations":[{"start":{"line":56,"column":16},"end":{"line":58,"column":17}},{"start":{"line":56,"column":16},"end":{"line":58,"column":17}}],"line":56},"6":{"loc":{"start":{"line":62,"column":16},"end":{"line":64,"column":17}},"type":"if","locations":[{"start":{"line":62,"column":16},"end":{"line":64,"column":17}},{"start":{"line":62,"column":16},"end":{"line":64,"column":17}}],"line":62},"7":{"loc":{"start":{"line":68,"column":16},"end":{"line":70,"column":17}},"type":"if","locations":[{"start":{"line":68,"column":16},"end":{"line":70,"column":17}},{"start":{"line":68,"column":16},"end":{"line":70,"column":17}}],"line":68},"8":{"loc":{"start":{"line":74,"column":16},"end":{"line":76,"column":17}},"type":"if","locations":[{"start":{"line":74,"column":16},"end":{"line":76,"column":17}},{"start":{"line":74,"column":16},"end":{"line":76,"column":17}}],"line":74}},"s":{"0":17,"1":17,"2":17,"3":17,"4":15,"5":15,"6":12,"7":3,"8":3,"9":2,"10":2,"11":5,"12":5,"13":2,"14":2,"15":8,"16":5,"17":5,"18":1,"19":1,"20":1,"21":1,"22":1,"23":1,"24":48,"25":48,"26":18,"27":18,"28":18,"29":18,"30":9,"31":9,"32":9,"33":9,"34":15,"35":15,"36":13,"37":15,"38":6,"39":6,"40":6,"41":6},"f":{"0":17,"1":15,"2":12,"3":8,"4":48,"5":48},"b":{"0":[3,2,5,2],"1":[5,1,1,1],"2":[48,48,46,46],"3":[48],"4":[18,9,15,6],"5":[18,0],"6":[9,0],"7":[13,2],"8":[6,0]},"_coverageSchema":"1a1c01bbd47fc00a2c39e90264f33305004495a9","hash":"e49c295b2c19c1de26e88d5abdbe0cb0d1edf618"}
}
