TN:
SF:src\App.js
FN:3,getMatrixCommand
FN:8,getCarCommand
FN:13,getMovementCommands
FN:18,createMatrix
FN:25,createCarAt
FN:34,moveCar
FN:36,(anonymous_6)
FN:52,executeCommandLines
FNF:8
FNH:8
FNDA:4,getMatrixCommand
FNDA:4,getCarCommand
FNDA:4,getMovementCommands
FNDA:4,createMatrix
FNDA:4,createCarAt
FNDA:14,moveCar
FNDA:68,(anonymous_6)
FNDA:3,executeCommandLines
DA:4,4
DA:5,4
DA:9,4
DA:10,4
DA:14,4
DA:15,4
DA:19,4
DA:20,4
DA:22,4
DA:26,4
DA:27,4
DA:28,4
DA:29,4
DA:30,4
DA:31,4
DA:35,14
DA:36,14
DA:37,68
DA:39,48
DA:40,48
DA:42,12
DA:43,12
DA:45,8
DA:46,8
DA:49,14
DA:53,3
DA:54,3
DA:55,3
DA:56,3
DA:57,3
DA:58,3
DA:59,3
LF:32
LH:32
BRDA:37,0,0,48
BRDA:37,0,1,12
BRDA:37,0,2,8
BRF:3
BRH:3
end_of_record
TN:
SF:src\Car.js
FN:2,(anonymous_0)
FN:9,(anonymous_1)
FN:14,(anonymous_2)
FN:31,(anonymous_3)
FN:48,(anonymous_4)
FNF:5
FNH:5
FNDA:17,(anonymous_0)
FNDA:15,(anonymous_1)
FNDA:12,(anonymous_2)
FNDA:8,(anonymous_3)
FNDA:48,(anonymous_4)
DA:3,17
DA:4,17
DA:5,17
DA:6,17
DA:10,15
DA:11,15
DA:15,12
DA:17,3
DA:18,3
DA:20,2
DA:21,2
DA:23,5
DA:24,5
DA:26,2
DA:27,2
DA:32,8
DA:34,5
DA:35,5
DA:37,1
DA:38,1
DA:40,1
DA:41,1
DA:43,1
DA:44,1
DA:50,48
DA:52,18
DA:53,18
DA:54,18
DA:56,18
DA:58,9
DA:59,9
DA:60,9
DA:62,9
DA:64,15
DA:65,15
DA:66,13
DA:68,15
DA:70,6
DA:71,6
DA:72,6
DA:74,6
LF:41
LH:41
BRDA:15,0,0,3
BRDA:15,0,1,2
BRDA:15,0,2,5
BRDA:15,0,3,2
BRDA:32,1,0,5
BRDA:32,1,1,1
BRDA:32,1,2,1
BRDA:32,1,3,1
BRDA:48,2,0,48
BRDA:50,3,0,18
BRDA:50,3,1,9
BRDA:50,3,2,15
BRDA:50,3,3,6
BRDA:53,4,0,18
BRDA:53,4,1,0
BRDA:53,5,0,18
BRDA:53,5,1,18
BRDA:59,6,0,9
BRDA:59,6,1,0
BRDA:59,7,0,9
BRDA:59,7,1,9
BRDA:65,8,0,13
BRDA:65,8,1,2
BRDA:65,9,0,15
BRDA:65,9,1,15
BRDA:71,10,0,6
BRDA:71,10,1,0
BRDA:71,11,0,6
BRDA:71,11,1,6
BRF:29
BRH:26
end_of_record
