TN:
SF:src\App.js
FN:3,getMatrixCommand
FN:8,getCarCommand
FN:13,getMovementCommands
FN:18,createMatrix
FN:25,createCarAt
FN:34,moveCar
FN:36,(anonymous_6)
FN:44,executeCommandLines
FNF:8
FNH:8
FNDA:2,getMatrixCommand
FNDA:2,getCarCommand
FNDA:2,getMovementCommands
FNDA:2,createMatrix
FNDA:2,createCarAt
FNDA:7,moveCar
FNDA:19,(anonymous_6)
FNDA:1,executeCommandLines
DA:4,2
DA:5,2
DA:9,2
DA:10,2
DA:14,2
DA:15,2
DA:19,2
DA:20,2
DA:22,2
DA:26,2
DA:27,2
DA:28,2
DA:29,2
DA:30,2
DA:31,2
DA:35,7
DA:36,7
DA:37,19
DA:38,19
DA:41,7
DA:45,1
DA:46,1
DA:47,1
DA:48,1
DA:49,1
DA:50,1
DA:51,1
LF:27
LH:27
BRDA:37,0,0,19
BRDA:37,0,1,0
BRF:2
BRH:1
end_of_record
TN:
SF:src\Car.js
FN:2,(anonymous_0)
FN:9,(anonymous_1)
FN:14,(anonymous_2)
FNF:3
FNH:3
FNDA:10,(anonymous_0)
FNDA:8,(anonymous_1)
FNDA:19,(anonymous_2)
DA:3,10
DA:4,10
DA:5,10
DA:6,10
DA:10,8
DA:11,8
DA:16,19
DA:18,7
DA:19,7
DA:20,7
DA:22,7
DA:24,3
DA:25,3
DA:26,3
DA:28,3
DA:30,6
DA:31,6
DA:32,4
DA:34,6
DA:36,3
DA:37,3
DA:38,3
DA:40,3
LF:23
LH:23
BRDA:14,0,0,19
BRDA:16,1,0,7
BRDA:16,1,1,3
BRDA:16,1,2,6
BRDA:16,1,3,3
BRDA:19,2,0,7
BRDA:19,2,1,0
BRDA:19,3,0,7
BRDA:19,3,1,7
BRDA:25,4,0,3
BRDA:25,4,1,0
BRDA:25,5,0,3
BRDA:25,5,1,3
BRDA:31,6,0,4
BRDA:31,6,1,2
BRDA:31,7,0,6
BRDA:31,7,1,6
BRDA:37,8,0,3
BRDA:37,8,1,0
BRDA:37,9,0,3
BRDA:37,9,1,3
BRF:21
BRH:18
end_of_record
